0 info it worked if it ends with ok
1 verbose cli [ 'node', '/usr/local/bin/npm', 'update', '-g', 'bower' ]
2 info using npm@1.3.2
3 info using node@v0.10.13
4 verbose cache add [ 'bower', '*' ]
5 verbose cache add name="bower" spec="*" args=["bower","*"]
6 verbose parsed url { protocol: null,
6 verbose parsed url   slashes: null,
6 verbose parsed url   auth: null,
6 verbose parsed url   host: null,
6 verbose parsed url   port: null,
6 verbose parsed url   hostname: null,
6 verbose parsed url   hash: null,
6 verbose parsed url   search: null,
6 verbose parsed url   query: null,
6 verbose parsed url   pathname: '*',
6 verbose parsed url   path: '*',
6 verbose parsed url   href: '*' }
7 verbose addNamed [ 'bower', '*' ]
8 verbose addNamed [ null, '*' ]
9 silly lockFile b788227f-bower bower@*
10 verbose lock bower@* /Users/nreed/.npm/b788227f-bower.lock
11 silly addNameRange { name: 'bower', range: '*', hasData: false }
12 verbose url raw bower
13 verbose url resolving [ 'https://registry.npmjs.org/', './bower' ]
14 verbose url resolved https://registry.npmjs.org/bower
15 info trying registry request attempt 1 at 12:50:26
16 verbose etag "AG40MLM6KZJQNIQKK53L8ICVJ"
17 http GET https://registry.npmjs.org/bower
18 info outdated updating []
19 error Error: EMFILE, open '/usr/local/lib/node_modules/yo/node_modules/update-notifier/node_modules/request/node_modules/hawk/package.json'
20 error If you need help, you may report this log at:
20 error     <http://github.com/isaacs/npm/issues>
20 error or email it to:
20 error     <npm-@googlegroups.com>
21 error System Darwin 13.4.0
22 error command "node" "/usr/local/bin/npm" "update" "-g" "bower"
23 error Error: EMFILE, too many open files
23 error     at errorHandler (/usr/local/lib/node_modules/npm/lib/utils/error-handler.js:266:28)
23 error     at /usr/local/lib/node_modules/npm/lib/update.js:27:20
23 error     at /usr/local/lib/node_modules/npm/lib/outdated.js:32:30
23 error     at cb (/usr/local/lib/node_modules/npm/node_modules/slide/lib/async-map.js:48:11)
23 error     at cb (/usr/local/lib/node_modules/npm/node_modules/slide/lib/async-map.js:48:11)
23 error     at cb (/usr/local/lib/node_modules/npm/node_modules/slide/lib/async-map.js:48:11)
23 error     at /usr/local/lib/node_modules/npm/lib/outdated.js:99:22
23 error     at cb (/usr/local/lib/node_modules/npm/node_modules/slide/lib/async-map.js:48:11)
23 error     at /usr/local/lib/node_modules/npm/lib/outdated.js:95:73
23 error     at /usr/local/lib/node_modules/npm/node_modules/read-package-json/read-json.js:50:40
24 error If you need help, you may report this log at:
24 error     <http://github.com/isaacs/npm/issues>
24 error or email it to:
24 error     <npm-@googlegroups.com>
25 error System Darwin 13.4.0
26 error command "node" "/usr/local/bin/npm" "update" "-g" "bower"
27 error cwd /Users/nreed/Sites/waiting_app/www/src
28 error node -v v0.10.13
29 error npm -v 1.3.2
30 error syscall uv_cwd
31 error code EMFILE
32 error errno 20
33 verbose exit [ 20, true ]
